2024-09-20 11:43:43 [INFO]: Server app listening on port 5000!
2024-09-20 11:43:46 [INFO]: Server app listening on port 5000!
2024-09-20 11:45:00 [INFO]: Server app listening on port 5000!
2024-09-20 11:45:02 [INFO]: Server app listening on port 5000!
2024-09-20 11:45:03 [INFO]: Server app listening on port 5000!
2024-09-20 11:45:05 [INFO]: Server app listening on port 5000!
2024-09-20 11:46:21 [INFO]: Server app listening on port 5000!
2024-09-20 12:08:02 [INFO]: Server app listening on port 5000!
2024-09-20 12:08:43 [INFO]: Server app listening on port 5000!
2024-09-20 12:08:46 [INFO]: Server app listening on port 5000!
2024-09-20 12:08:47 [INFO]: Server app listening on port 5000!
2024-09-20 12:09:08 [INFO]: Server app listening on port 5000!
2024-09-20 12:09:09 [INFO]: Server app listening on port 5000!
2024-09-20 12:09:18 [INFO]: Server app listening on port 5000!
2024-09-20 12:09:18 [INFO]: Server app listening on port 5000!
2024-09-20 12:09:24 [INFO]: Server app listening on port 5000!
2024-09-20 12:09:48 [INFO]: Server app listening on port 5000!
2024-09-20 12:09:51 [INFO]: Server app listening on port 5000!
2024-09-20 12:10:00 [INFO]: Server app listening on port 5000!
2024-09-20 12:10:32 [INFO]: Server app listening on port 5000!
2024-09-20 12:10:36 [INFO]: Server app listening on port 5000!
2024-09-20 12:10:37 [INFO]: Server app listening on port 5000!
2024-09-20 12:10:38 [INFO]: Server app listening on port 5000!
2024-09-20 12:10:42 [INFO]: Server app listening on port 5000!
2024-09-20 12:10:54 [INFO]: Server app listening on port 5000!
2024-09-20 12:11:15 [INFO]: Server app listening on port 5000!
2024-09-20 12:11:16 [INFO]: Server app listening on port 5000!
2024-09-20 12:11:20 [INFO]: Server app listening on port 5000!
2024-09-20 12:11:30 [INFO]: Server app listening on port 5000!
2024-09-20 12:11:34 [INFO]: Server app listening on port 5000!
2024-09-20 12:11:36 [INFO]: Server app listening on port 5000!
2024-09-20 12:11:48 [INFO]: Server app listening on port 5000!
2024-09-20 12:11:51 [INFO]: Server app listening on port 5000!
2024-09-20 12:12:00 [INFO]: Server app listening on port 5000!
2024-09-20 12:12:13 [INFO]: Server app listening on port 5000!
2024-09-20 12:12:19 [INFO]: Server app listening on port 5000!
2024-09-20 12:12:21 [INFO]: Server app listening on port 5000!
2024-09-20 12:12:26 [INFO]: Server app listening on port 5000!
2024-09-20 12:12:27 [INFO]: Server app listening on port 5000!
2024-09-20 12:12:30 [INFO]: Server app listening on port 5000!
2024-09-20 12:12:32 [INFO]: Server app listening on port 5000!
2024-09-20 12:12:33 [INFO]: Server app listening on port 5000!
2024-09-20 12:12:48 [INFO]: Server app listening on port 5000!
2024-09-20 12:12:55 [INFO]: Server app listening on port 5000!
2024-09-20 12:13:00 [INFO]: Server app listening on port 5000!
2024-09-20 12:13:03 [INFO]: Server app listening on port 5000!
2024-09-20 12:13:04 [INFO]: Server app listening on port 5000!
2024-09-20 12:13:07 [INFO]: Server app listening on port 5000!
2024-09-20 12:13:20 [INFO]: Server app listening on port 5000!
2024-09-20 12:13:29 [INFO]: Server app listening on port 5000!
2024-09-20 12:13:41 [INFO]: Server app listening on port 5000!
2024-09-20 12:13:46 [INFO]: Server app listening on port 5000!
2024-09-20 12:13:58 [INFO]: Server app listening on port 5000!
2024-09-20 12:14:03 [INFO]: Server app listening on port 5000!
2024-09-20 12:14:13 [INFO]: Server app listening on port 5000!
2024-09-20 12:14:37 [INFO]: Server app listening on port 5000!
2024-09-20 12:14:43 [INFO]: Server app listening on port 5000!
2024-09-20 12:14:45 [INFO]: Server app listening on port 5000!
2024-09-20 12:14:46 [INFO]: Server app listening on port 5000!
2024-09-20 12:14:55 [INFO]: Server app listening on port 5000!
2024-09-20 12:14:58 [INFO]: Server app listening on port 5000!
2024-09-20 12:14:59 [INFO]: Server app listening on port 5000!
2024-09-20 12:15:07 [INFO]: Server app listening on port 5000!
2024-09-20 12:15:08 [INFO]: Server app listening on port 5000!
2024-09-20 12:15:11 [INFO]: Server app listening on port 5000!
2024-09-20 12:15:24 [INFO]: Server app listening on port 5000!
2024-09-20 12:15:28 [INFO]: Server app listening on port 5000!
2024-09-20 12:15:31 [INFO]: Server app listening on port 5000!
2024-09-20 12:16:59 [INFO]: Server app listening on port 5000!
2024-09-20 12:17:02 [INFO]: Server app listening on port 5000!
2024-09-20 12:17:05 [INFO]: Server app listening on port 5000!
2024-09-20 12:17:09 [INFO]: Server app listening on port 5000!
2024-09-20 12:17:11 [INFO]: Server app listening on port 5000!
2024-09-20 12:17:15 [INFO]: Server app listening on port 5000!
2024-09-20 12:17:18 [INFO]: Server app listening on port 5000!
2024-09-20 12:17:21 [INFO]: Server app listening on port 5000!
2024-09-20 12:18:06 [INFO]: Server app listening on port 5000!
2024-09-20 12:18:15 [INFO]: Server app listening on port 5000!
2024-09-20 12:18:18 [INFO]: Server app listening on port 5000!
2024-09-20 12:18:42 [INFO]: Server app listening on port 5000!
2024-09-20 12:19:50 [INFO]: Server app listening on port 5000!
2024-09-20 12:19:53 [INFO]: Server app listening on port 5000!
2024-09-20 12:19:55 [INFO]: Server app listening on port 5000!
2024-09-20 12:20:00 [INFO]: Server app listening on port 5000!
2024-09-20 12:20:18 [INFO]: Server app listening on port 5000!
2024-09-20 12:21:17 [INFO]: Server app listening on port 5000!
2024-09-20 12:21:20 [INFO]: Server app listening on port 5000!
2024-09-20 12:21:31 [INFO]: Server app listening on port 5000!
2024-09-20 12:21:43 [INFO]: Server app listening on port 5000!
2024-09-20 12:21:46 [INFO]: Server app listening on port 5000!
2024-09-20 12:21:48 [INFO]: Server app listening on port 5000!
2024-09-20 12:22:01 [INFO]: Server app listening on port 5000!
2024-09-20 12:22:03 [INFO]: Server app listening on port 5000!
2024-09-20 12:22:08 [INFO]: Server app listening on port 5000!
2024-09-20 12:22:09 [INFO]: Server app listening on port 5000!
2024-09-20 12:22:29 [INFO]: Server app listening on port 5000!
2024-09-20 12:22:39 [INFO]: Server app listening on port 5000!
2024-09-20 12:22:40 [INFO]: Server app listening on port 5000!
2024-09-20 12:22:41 [INFO]: Server app listening on port 5000!
2024-09-20 12:22:43 [INFO]: Server app listening on port 5000!
2024-09-20 12:22:45 [INFO]: Server app listening on port 5000!
2024-09-20 12:22:53 [INFO]: Server app listening on port 5000!
2024-09-20 12:24:34 [INFO]: Server app listening on port 5000!
2024-09-20 12:24:53 [INFO]: Server app listening on port 5000!
2024-09-20 12:24:59 [INFO]: Server app listening on port 5000!
2024-09-20 12:25:01 [INFO]: Server app listening on port 5000!
2024-09-20 12:25:02 [INFO]: Server app listening on port 5000!
2024-09-20 12:25:07 [INFO]: Server app listening on port 5000!
2024-09-20 12:25:08 [INFO]: Server app listening on port 5000!
2024-09-20 12:25:59 [INFO]: Server app listening on port 5000!
2024-09-20 12:26:01 [INFO]: Server app listening on port 5000!
2024-09-20 12:26:07 [INFO]: Server app listening on port 5000!
2024-09-20 12:26:13 [INFO]: Server app listening on port 5000!
2024-09-20 12:26:16 [INFO]: Server app listening on port 5000!
2024-09-20 12:26:28 [INFO]: Server app listening on port 5000!
2024-09-20 12:26:29 [INFO]: Server app listening on port 5000!
2024-09-20 12:26:38 [INFO]: Server app listening on port 5000!
2024-09-20 12:27:53 [INFO]: Server app listening on port 5000!
2024-09-20 12:28:15 [INFO]: Server app listening on port 5000!
2024-09-20 12:29:59 [INFO]: Server app listening on port 5000!
2024-09-20 12:30:58 [INFO]: Server app listening on port 5000!
2024-09-20 12:31:09 [INFO]: Server app listening on port 5000!
2024-09-20 12:31:13 [INFO]: Server app listening on port 5000!
2024-09-20 12:31:23 [INFO]: Server app listening on port 5000!
2024-09-20 12:31:58 [INFO]: Server app listening on port 5000!
2024-09-20 12:32:12 [INFO]: Server app listening on port 5000!
2024-09-20 12:32:33 [INFO]: Server app listening on port 5000!
2024-09-20 12:32:45 [INFO]: Server app listening on port 5000!
2024-09-20 12:32:53 [INFO]: Server app listening on port 5000!
2024-09-20 12:33:14 [INFO]: Server app listening on port 5000!
2024-09-20 12:33:15 [INFO]: Server app listening on port 5000!
2024-09-20 12:33:17 [INFO]: Server app listening on port 5000!
2024-09-20 12:33:19 [INFO]: Server app listening on port 5000!
2024-09-20 12:33:34 [INFO]: Server app listening on port 5000!
2024-09-20 12:36:36 [ERROR]: Invalid JSON format: Unexpected token 'a', "{
  "name":name
}" is not valid JSON
2024-09-20 12:40:33 [ERROR]: Invalid JSON format: Expected property name or '}' in JSON at position 4
2024-09-20 12:41:08 [INFO]: Server app listening on port 5000!
2024-09-20 12:41:31 [INFO]: Server app listening on port 5000!
2024-09-20 12:41:53 [INFO]: Server app listening on port 5000!
2024-09-20 12:41:56 [INFO]: Server app listening on port 5000!
2024-09-20 12:41:58 [INFO]: Server app listening on port 5000!
2024-09-20 12:41:58 [INFO]: Server app listening on port 5000!
2024-09-20 12:42:04 [INFO]: Server app listening on port 5000!
2024-09-20 12:55:59 [INFO]: Server app listening on port 5000!
2024-09-20 12:56:02 [INFO]: Server app listening on port 5000!
2024-09-20 12:56:07 [INFO]: Server app listening on port 5000!
2024-09-20 12:56:29 [INFO]: Server app listening on port 5000!
2024-09-20 12:56:32 [INFO]: Server app listening on port 5000!
2024-09-20 12:56:36 [INFO]: Server app listening on port 5000!
2024-09-20 12:56:42 [INFO]: Server app listening on port 5000!
2024-09-20 12:56:45 [INFO]: Server app listening on port 5000!
2024-09-20 12:56:53 [INFO]: Server app listening on port 5000!
2024-09-20 12:56:54 [INFO]: Server app listening on port 5000!
2024-09-20 12:56:56 [INFO]: Server app listening on port 5000!
2024-09-20 12:57:15 [INFO]: Server app listening on port 5000!
2024-09-20 12:57:20 [INFO]: Server app listening on port 5000!
2024-09-20 12:57:32 [INFO]: Server app listening on port 5000!
2024-09-20 12:57:37 [INFO]: Server app listening on port 5000!
2024-09-20 12:57:39 [INFO]: Server app listening on port 5000!
2024-09-20 12:58:09 [INFO]: Server app listening on port 5000!
2024-09-20 12:58:15 [INFO]: Server app listening on port 5000!
2024-09-20 12:58:15 [INFO]: Server app listening on port 5000!
2024-09-20 12:58:21 [INFO]: Server app listening on port 5000!
2024-09-20 12:58:25 [INFO]: Server app listening on port 5000!
2024-09-20 12:59:47 [INFO]: Server app listening on port 5000!
2024-09-20 12:59:54 [INFO]: Server app listening on port 5000!
2024-09-20 12:59:55 [INFO]: Server app listening on port 5000!
2024-09-20 12:59:56 [INFO]: Server app listening on port 5000!
2024-09-20 13:03:32 [INFO]: Server app listening on port 5000!
2024-09-20 13:05:46 [INFO]: Server app listening on port 5000!
2024-09-20 13:06:08 [INFO]: Server app listening on port 5000!
2024-09-20 14:37:07 [INFO]: Server app listening on port 5000!
2024-09-20 14:37:24 [INFO]: Server app listening on port 5000!
2024-09-20 14:37:26 [INFO]: Server app listening on port 5000!
2024-09-20 14:37:29 [INFO]: Server app listening on port 5000!
2024-09-20 14:37:33 [INFO]: Server app listening on port 5000!
2024-09-20 14:37:39 [INFO]: Server app listening on port 5000!
2024-09-20 14:38:12 [INFO]: Server app listening on port 5000!
2024-09-20 14:38:13 [INFO]: Server app listening on port 5000!
2024-09-20 14:38:15 [INFO]: Server app listening on port 5000!
2024-09-20 14:38:26 [INFO]: Server app listening on port 5000!
2024-09-20 14:38:28 [INFO]: Server app listening on port 5000!
2024-09-20 14:41:54 [INFO]: Server app listening on port 5000!
2024-09-20 14:42:28 [INFO]: Server app listening on port 5000!
2024-09-20 14:42:42 [INFO]: Server app listening on port 5000!
2024-09-20 14:42:56 [INFO]: Server app listening on port 5000!
2024-09-20 14:43:00 [INFO]: Server app listening on port 5000!
2024-09-20 14:43:54 [INFO]: Server app listening on port 5000!
2024-09-20 14:44:00 [INFO]: Server app listening on port 5000!
2024-09-20 14:44:04 [INFO]: Server app listening on port 5000!
2024-09-20 14:44:09 [INFO]: Server app listening on port 5000!
2024-09-20 14:44:13 [INFO]: Server app listening on port 5000!
2024-09-20 14:44:16 [INFO]: Server app listening on port 5000!
2024-09-20 14:44:20 [INFO]: Server app listening on port 5000!
2024-09-20 14:44:26 [INFO]: Server app listening on port 5000!
2024-09-20 14:44:28 [INFO]: Server app listening on port 5000!
2024-09-20 14:44:30 [INFO]: Server app listening on port 5000!
2024-09-20 14:44:34 [INFO]: Server app listening on port 5000!
2024-09-20 14:44:40 [INFO]: Server app listening on port 5000!
2024-09-20 14:44:43 [INFO]: Server app listening on port 5000!
2024-09-20 14:53:29 [INFO]: Server app listening on port 5000!
2024-09-20 14:54:45 [INFO]: Server app listening on port 5000!
2024-09-20 14:55:02 [INFO]: Server app listening on port 5000!
2024-09-20 14:55:11 [INFO]: Server app listening on port 5000!
2024-09-20 14:55:14 [INFO]: Server app listening on port 5000!
2024-09-20 14:55:18 [INFO]: Server app listening on port 5000!
2024-09-20 14:55:20 [INFO]: Server app listening on port 5000!
2024-09-20 14:55:24 [INFO]: Server app listening on port 5000!
2024-09-20 14:55:27 [INFO]: Server app listening on port 5000!
2024-09-20 14:55:34 [INFO]: Server app listening on port 5000!
2024-09-20 14:55:43 [INFO]: Server app listening on port 5000!
2024-09-20 14:55:47 [INFO]: Server app listening on port 5000!
2024-09-20 14:56:03 [INFO]: Server app listening on port 5000!
2024-09-20 14:56:05 [INFO]: Server app listening on port 5000!
2024-09-20 14:56:07 [INFO]: Server app listening on port 5000!
2024-09-20 14:57:47 [INFO]: Server app listening on port 5000!
2024-09-20 14:57:49 [INFO]: Server app listening on port 5000!
2024-09-20 14:57:53 [INFO]: Server app listening on port 5000!
2024-09-20 14:57:54 [INFO]: Server app listening on port 5000!
2024-09-20 14:57:56 [INFO]: Server app listening on port 5000!
2024-09-20 14:58:06 [INFO]: Server app listening on port 5000!
2024-09-20 14:58:07 [INFO]: Server app listening on port 5000!
2024-09-20 14:58:10 [INFO]: Server app listening on port 5000!
2024-09-20 14:58:12 [INFO]: Server app listening on port 5000!
2024-09-20 14:58:13 [INFO]: Server app listening on port 5000!
2024-09-20 14:58:23 [INFO]: Server app listening on port 5000!
2024-09-20 14:58:25 [INFO]: Server app listening on port 5000!
2024-09-20 14:58:34 [INFO]: Server app listening on port 5000!
2024-09-20 14:58:42 [INFO]: Server app listening on port 5000!
2024-09-20 14:58:44 [INFO]: Server app listening on port 5000!
2024-09-20 14:58:48 [INFO]: Server app listening on port 5000!
2024-09-20 14:58:52 [INFO]: Server app listening on port 5000!
2024-09-20 14:58:55 [INFO]: Server app listening on port 5000!
2024-09-20 14:58:57 [INFO]: Server app listening on port 5000!
2024-09-20 14:59:01 [INFO]: Server app listening on port 5000!
2024-09-20 14:59:05 [INFO]: Server app listening on port 5000!
2024-09-20 14:59:08 [INFO]: Server app listening on port 5000!
2024-09-20 14:59:37 [INFO]: Server app listening on port 5000!
2024-09-20 15:00:11 [INFO]: Server app listening on port 5000!
2024-09-20 15:00:18 [INFO]: Server app listening on port 5000!
2024-09-20 15:00:34 [INFO]: Server app listening on port 5000!
2024-09-20 15:01:06 [INFO]: Server app listening on port 5000!
2024-09-20 15:01:28 [INFO]: Server app listening on port 5000!
2024-09-20 15:01:30 [INFO]: Server app listening on port 5000!
2024-09-20 15:01:49 [INFO]: Server app listening on port 5000!
2024-09-20 15:02:43 [INFO]: Server app listening on port 5000!
2024-09-20 15:03:31 [INFO]: Server app listening on port 5000!
2024-09-20 15:03:33 [INFO]: Server app listening on port 5000!
2024-09-20 15:03:51 [INFO]: Server app listening on port 5000!
2024-09-20 15:03:52 [INFO]: Server app listening on port 5000!
2024-09-20 15:03:57 [INFO]: Server app listening on port 5000!
2024-09-20 15:03:58 [INFO]: Server app listening on port 5000!
2024-09-20 15:04:04 [INFO]: Server app listening on port 5000!
2024-09-20 15:04:06 [INFO]: Server app listening on port 5000!
2024-09-20 15:05:28 [INFO]: Server app listening on port 5000!
2024-09-20 15:07:56 [INFO]: Server app listening on port 5000!
2024-09-20 15:08:09 [INFO]: Server app listening on port 5000!
2024-09-20 15:08:49 [INFO]: Server app listening on port 5000!
2024-09-20 15:08:53 [INFO]: Server app listening on port 5000!
2024-09-20 15:09:11 [INFO]: Server app listening on port 5000!
2024-09-20 15:09:24 [INFO]: Server app listening on port 5000!
2024-09-20 15:09:26 [INFO]: Server app listening on port 5000!
2024-09-20 15:09:30 [INFO]: Server app listening on port 5000!
2024-09-20 15:09:34 [INFO]: Server app listening on port 5000!
2024-09-20 15:09:36 [INFO]: Server app listening on port 5000!
2024-09-20 15:09:57 [INFO]: Server app listening on port 5000!
2024-09-20 15:09:59 [INFO]: Server app listening on port 5000!
2024-09-20 15:10:01 [INFO]: Server app listening on port 5000!
2024-09-20 15:11:28 [INFO]: Server app listening on port 5000!
2024-09-20 15:11:31 [INFO]: Server app listening on port 5000!
2024-09-20 15:11:33 [INFO]: Server app listening on port 5000!
2024-09-20 15:13:44 [INFO]: Server app listening on port 5000!
2024-09-20 15:13:49 [INFO]: Server app listening on port 5000!
2024-09-20 15:19:11 [INFO]: Server app listening on port 5000!
2024-09-20 15:19:12 [INFO]: Server app listening on port 5000!
2024-09-20 15:19:14 [INFO]: Server app listening on port 5000!
2024-09-20 15:19:15 [INFO]: Server app listening on port 5000!
2024-09-20 15:20:14 [INFO]: Server app listening on port 5000!
2024-09-20 15:20:23 [INFO]: Server app listening on port 5000!
2024-09-20 15:20:31 [INFO]: Server app listening on port 5000!
2024-09-20 15:20:32 [INFO]: Server app listening on port 5000!
2024-09-20 15:20:35 [INFO]: Server app listening on port 5000!
2024-09-20 15:20:49 [INFO]: Server app listening on port 5000!
2024-09-20 15:20:51 [INFO]: Server app listening on port 5000!
2024-09-20 15:20:55 [INFO]: Server app listening on port 5000!
2024-09-20 15:21:03 [INFO]: Server app listening on port 5000!
2024-09-20 15:21:08 [INFO]: Server app listening on port 5000!
2024-09-20 15:24:06 [INFO]: Server app listening on port 5000!
2024-09-20 15:24:14 [INFO]: Server app listening on port 5000!
2024-09-20 15:24:17 [INFO]: Server app listening on port 5000!
2024-09-20 15:25:15 [INFO]: Server app listening on port 5000!
2024-09-20 15:25:17 [INFO]: Server app listening on port 5000!
2024-09-20 15:25:19 [INFO]: Server app listening on port 5000!
2024-09-20 15:25:43 [INFO]: Server app listening on port 5000!
2024-09-20 15:25:45 [INFO]: Server app listening on port 5000!
2024-09-20 15:26:19 [INFO]: Server app listening on port 5000!
2024-09-20 15:26:21 [INFO]: Server app listening on port 5000!
2024-09-20 15:26:23 [INFO]: Server app listening on port 5000!
2024-09-20 15:26:24 [INFO]: Server app listening on port 5000!
2024-09-20 15:26:25 [INFO]: Server app listening on port 5000!
2024-09-20 15:26:26 [INFO]: Server app listening on port 5000!
